<?xml version="1.0" encoding="UTF-8"?>
<!-- Generated by org.testng.reporters.JUnitXMLReporter -->
<testsuite ignored="0" hostname="Aayush" failures="0" tests="3" name="Default test" time="27.868" errors="0" timestamp="2024-08-09T12:49:15 IST">
  <testcase classname="test2.OctoPerfTest" name="logingIn" time="10.828"/>
  <testcase classname="test2.OctoPerfTest" name="addToCart" time="6.449"/>
  <testcase classname="test2.OctoPerfTest" name="CheckOutOcto" time="10.523"/>
</testsuite> <!-- Default test -->
