<?xml version="1.0" encoding="UTF-8"?>
<testng-results ignored="0" total="3" passed="3" failed="0" skipped="0">
  <reporter-output>
  </reporter-output>
  <suite started-at="2024-08-09T12:48:47 IST" name="Default suite" finished-at="2024-08-09T12:49:15 IST" duration-ms="27868">
    <groups>
    </groups>
    <test started-at="2024-08-09T12:48:47 IST" name="Default test" finished-at="2024-08-09T12:49:15 IST" duration-ms="27868">
      <class name="test2.OctoPerfTest">
        <test-method signature="logingIn()[pri:1, instance:test2.OctoPerfTest@4466af20]" started-at="2024-08-09T12:48:47 IST" name="logingIn" finished-at="2024-08-09T12:48:58 IST" duration-ms="10828" status="PASS">
          <reporter-output>
          </reporter-output>
        </test-method> <!-- logingIn -->
        <test-method signature="addToCart()[pri:2, instance:test2.OctoPerfTest@4466af20]" started-at="2024-08-09T12:48:58 IST" name="addToCart" finished-at="2024-08-09T12:49:05 IST" duration-ms="6449" status="PASS">
          <reporter-output>
          </reporter-output>
        </test-method> <!-- addToCart -->
        <test-method signature="CheckOutOcto()[pri:3, instance:test2.OctoPerfTest@4466af20]" started-at="2024-08-09T12:49:05 IST" name="CheckOutOcto" finished-at="2024-08-09T12:49:15 IST" duration-ms="10523" status="PASS">
          <reporter-output>
          </reporter-output>
        </test-method> <!-- CheckOutOcto -->
      </class> <!-- test2.OctoPerfTest -->
    </test> <!-- Default test -->
  </suite> <!-- Default suite -->
</testng-results>
